k-points are in crystal coordinates
nk(3) =    12   12    1
dk(3) =   0.000000000  0.000000000  0.000000000

direct lattice vectors
a1 =   6.016937339 -0.000082255  0.000000000
a2 =   3.008397435  5.210861716  0.000000000
a3 =   0.000000000  0.000000000 43.813614159

unit cell volume =  0.137371786E+04

reciprocal lattice vectors
b1 =   1.044241508 -0.602874082  0.000000000
b2 =   0.000016484  1.205776714  0.000000000
b3 =   0.000000000  0.000000000  0.143407145

symmetries of the Bravais lattice
  8
Space group  65, symbol Ammm                 
r01 =     1   0   0     0   1   0     0   0   1      0.000000    0.000000    0.000000
r02 =     1   0   0     0   1   0     0   0  -1      0.000000    0.000000    0.000000
r03 =     0   1   0     1   0   0     0   0   1      0.000000    0.000000    0.000000
r04 =     0   1   0     1   0   0     0   0  -1      0.000000    0.000000    0.000000
r05 =    -1   0   0     0  -1   0     0   0   1      0.000000    0.000000    0.000000
r06 =    -1   0   0     0  -1   0     0   0  -1      0.000000    0.000000    0.000000
r07 =     0  -1   0    -1   0   0     0   0   1      0.000000    0.000000    0.000000
r08 =     0  -1   0    -1   0   0     0   0  -1      0.000000    0.000000    0.000000

symmetries of the crystal without FFT grid
  2
Space group   8, symbol Cm                   
r01 =     1   0   0     0   1   0     0   0   1      0.000000    0.000000    0.000000
r02 =     0   1   0     1   0   0     0   0   1      0.000000   -0.000000    0.000000

FFT grid:     36    36   243

symmetries of the crystal with FFT grid
  2
Space group   8, symbol Cm                   
r01 =     1   0   0     0   1   0     0   0   1      0.000000    0.000000    0.000000
r02 =     0   1   0     1   0   0     0   0   1      0.000000   -0.000000    0.000000

symmetries that reduce the k-points
r02 =     0   1   0     1   0   0     0   0   1

k-points in the original uniform grid
    144
      1  0.000000000  0.000000000  0.000000000   1.0       0  ---
      2  0.000000000  0.083333333  0.000000000   2.0       0  ---
      3  0.000000000  0.166666667  0.000000000   2.0       0  ---
      4  0.000000000  0.250000000  0.000000000   2.0       0  ---
      5  0.000000000  0.333333333  0.000000000   2.0       0  ---
      6  0.000000000  0.416666667  0.000000000   2.0       0  ---
      7  0.000000000  0.500000000  0.000000000   2.0       0  ---
      8  0.000000000  0.583333333  0.000000000   2.0       0  ---
      9  0.000000000  0.666666667  0.000000000   2.0       0  ---
     10  0.000000000  0.750000000  0.000000000   2.0       0  ---
     11  0.000000000  0.833333333  0.000000000   2.0       0  ---
     12  0.000000000  0.916666667  0.000000000   2.0       0  ---
     13  0.083333333  0.000000000  0.000000000   0.0       2  r02
     14  0.083333333  0.083333333  0.000000000   1.0       0  ---
     15  0.083333333  0.166666667  0.000000000   2.0       0  ---
     16  0.083333333  0.250000000  0.000000000   2.0       0  ---
     17  0.083333333  0.333333333  0.000000000   2.0       0  ---
     18  0.083333333  0.416666667  0.000000000   2.0       0  ---
     19  0.083333333  0.500000000  0.000000000   2.0       0  ---
     20  0.083333333  0.583333333  0.000000000   2.0       0  ---
     21  0.083333333  0.666666667  0.000000000   2.0       0  ---
     22  0.083333333  0.750000000  0.000000000   2.0       0  ---
     23  0.083333333  0.833333333  0.000000000   2.0       0  ---
     24  0.083333333  0.916666667  0.000000000   2.0       0  ---
     25  0.166666667  0.000000000  0.000000000   0.0       3  r02
     26  0.166666667  0.083333333  0.000000000   0.0      15  r02
     27  0.166666667  0.166666667  0.000000000   1.0       0  ---
     28  0.166666667  0.250000000  0.000000000   2.0       0  ---
     29  0.166666667  0.333333333  0.000000000   2.0       0  ---
     30  0.166666667  0.416666667  0.000000000   2.0       0  ---
     31  0.166666667  0.500000000  0.000000000   2.0       0  ---
     32  0.166666667  0.583333333  0.000000000   2.0       0  ---
     33  0.166666667  0.666666667  0.000000000   2.0       0  ---
     34  0.166666667  0.750000000  0.000000000   2.0       0  ---
     35  0.166666667  0.833333333  0.000000000   2.0       0  ---
     36  0.166666667  0.916666667  0.000000000   2.0       0  ---
     37  0.250000000  0.000000000  0.000000000   0.0       4  r02
     38  0.250000000  0.083333333  0.000000000   0.0      16  r02
     39  0.250000000  0.166666667  0.000000000   0.0      28  r02
     40  0.250000000  0.250000000  0.000000000   1.0       0  ---
     41  0.250000000  0.333333333  0.000000000   2.0       0  ---
     42  0.250000000  0.416666667  0.000000000   2.0       0  ---
     43  0.250000000  0.500000000  0.000000000   2.0       0  ---
     44  0.250000000  0.583333333  0.000000000   2.0       0  ---
     45  0.250000000  0.666666667  0.000000000   2.0       0  ---
     46  0.250000000  0.750000000  0.000000000   2.0       0  ---
     47  0.250000000  0.833333333  0.000000000   2.0       0  ---
     48  0.250000000  0.916666667  0.000000000   2.0       0  ---
     49  0.333333333  0.000000000  0.000000000   0.0       5  r02
     50  0.333333333  0.083333333  0.000000000   0.0      17  r02
     51  0.333333333  0.166666667  0.000000000   0.0      29  r02
     52  0.333333333  0.250000000  0.000000000   0.0      41  r02
     53  0.333333333  0.333333333  0.000000000   1.0       0  ---
     54  0.333333333  0.416666667  0.000000000   2.0       0  ---
     55  0.333333333  0.500000000  0.000000000   2.0       0  ---
     56  0.333333333  0.583333333  0.000000000   2.0       0  ---
     57  0.333333333  0.666666667  0.000000000   2.0       0  ---
     58  0.333333333  0.750000000  0.000000000   2.0       0  ---
     59  0.333333333  0.833333333  0.000000000   2.0       0  ---
     60  0.333333333  0.916666667  0.000000000   2.0       0  ---
     61  0.416666667  0.000000000  0.000000000   0.0       6  r02
     62  0.416666667  0.083333333  0.000000000   0.0      18  r02
     63  0.416666667  0.166666667  0.000000000   0.0      30  r02
     64  0.416666667  0.250000000  0.000000000   0.0      42  r02
     65  0.416666667  0.333333333  0.000000000   0.0      54  r02
     66  0.416666667  0.416666667  0.000000000   1.0       0  ---
     67  0.416666667  0.500000000  0.000000000   2.0       0  ---
     68  0.416666667  0.583333333  0.000000000   2.0       0  ---
     69  0.416666667  0.666666667  0.000000000   2.0       0  ---
     70  0.416666667  0.750000000  0.000000000   2.0       0  ---
     71  0.416666667  0.833333333  0.000000000   2.0       0  ---
     72  0.416666667  0.916666667  0.000000000   2.0       0  ---
     73  0.500000000  0.000000000  0.000000000   0.0       7  r02
     74  0.500000000  0.083333333  0.000000000   0.0      19  r02
     75  0.500000000  0.166666667  0.000000000   0.0      31  r02
     76  0.500000000  0.250000000  0.000000000   0.0      43  r02
     77  0.500000000  0.333333333  0.000000000   0.0      55  r02
     78  0.500000000  0.416666667  0.000000000   0.0      67  r02
     79  0.500000000  0.500000000  0.000000000   1.0       0  ---
     80  0.500000000  0.583333333  0.000000000   2.0       0  ---
     81  0.500000000  0.666666667  0.000000000   2.0       0  ---
     82  0.500000000  0.750000000  0.000000000   2.0       0  ---
     83  0.500000000  0.833333333  0.000000000   2.0       0  ---
     84  0.500000000  0.916666667  0.000000000   2.0       0  ---
     85  0.583333333  0.000000000  0.000000000   0.0       8  r02
     86  0.583333333  0.083333333  0.000000000   0.0      20  r02
     87  0.583333333  0.166666667  0.000000000   0.0      32  r02
     88  0.583333333  0.250000000  0.000000000   0.0      44  r02
     89  0.583333333  0.333333333  0.000000000   0.0      56  r02
     90  0.583333333  0.416666667  0.000000000   0.0      68  r02
     91  0.583333333  0.500000000  0.000000000   0.0      80  r02
     92  0.583333333  0.583333333  0.000000000   1.0       0  ---
     93  0.583333333  0.666666667  0.000000000   2.0       0  ---
     94  0.583333333  0.750000000  0.000000000   2.0       0  ---
     95  0.583333333  0.833333333  0.000000000   2.0       0  ---
     96  0.583333333  0.916666667  0.000000000   2.0       0  ---
     97  0.666666667  0.000000000  0.000000000   0.0       9  r02
     98  0.666666667  0.083333333  0.000000000   0.0      21  r02
     99  0.666666667  0.166666667  0.000000000   0.0      33  r02
    100  0.666666667  0.250000000  0.000000000   0.0      45  r02
    101  0.666666667  0.333333333  0.000000000   0.0      57  r02
    102  0.666666667  0.416666667  0.000000000   0.0      69  r02
    103  0.666666667  0.500000000  0.000000000   0.0      81  r02
    104  0.666666667  0.583333333  0.000000000   0.0      93  r02
    105  0.666666667  0.666666667  0.000000000   1.0       0  ---
    106  0.666666667  0.750000000  0.000000000   2.0       0  ---
    107  0.666666667  0.833333333  0.000000000   2.0       0  ---
    108  0.666666667  0.916666667  0.000000000   2.0       0  ---
    109  0.750000000  0.000000000  0.000000000   0.0      10  r02
    110  0.750000000  0.083333333  0.000000000   0.0      22  r02
    111  0.750000000  0.166666667  0.000000000   0.0      34  r02
    112  0.750000000  0.250000000  0.000000000   0.0      46  r02
    113  0.750000000  0.333333333  0.000000000   0.0      58  r02
    114  0.750000000  0.416666667  0.000000000   0.0      70  r02
    115  0.750000000  0.500000000  0.000000000   0.0      82  r02
    116  0.750000000  0.583333333  0.000000000   0.0      94  r02
    117  0.750000000  0.666666667  0.000000000   0.0     106  r02
    118  0.750000000  0.750000000  0.000000000   1.0       0  ---
    119  0.750000000  0.833333333  0.000000000   2.0       0  ---
    120  0.750000000  0.916666667  0.000000000   2.0       0  ---
    121  0.833333333  0.000000000  0.000000000   0.0      11  r02
    122  0.833333333  0.083333333  0.000000000   0.0      23  r02
    123  0.833333333  0.166666667  0.000000000   0.0      35  r02
    124  0.833333333  0.250000000  0.000000000   0.0      47  r02
    125  0.833333333  0.333333333  0.000000000   0.0      59  r02
    126  0.833333333  0.416666667  0.000000000   0.0      71  r02
    127  0.833333333  0.500000000  0.000000000   0.0      83  r02
    128  0.833333333  0.583333333  0.000000000   0.0      95  r02
    129  0.833333333  0.666666667  0.000000000   0.0     107  r02
    130  0.833333333  0.750000000  0.000000000   0.0     119  r02
    131  0.833333333  0.833333333  0.000000000   1.0       0  ---
    132  0.833333333  0.916666667  0.000000000   2.0       0  ---
    133  0.916666667  0.000000000  0.000000000   0.0      12  r02
    134  0.916666667  0.083333333  0.000000000   0.0      24  r02
    135  0.916666667  0.166666667  0.000000000   0.0      36  r02
    136  0.916666667  0.250000000  0.000000000   0.0      48  r02
    137  0.916666667  0.333333333  0.000000000   0.0      60  r02
    138  0.916666667  0.416666667  0.000000000   0.0      72  r02
    139  0.916666667  0.500000000  0.000000000   0.0      84  r02
    140  0.916666667  0.583333333  0.000000000   0.0      96  r02
    141  0.916666667  0.666666667  0.000000000   0.0     108  r02
    142  0.916666667  0.750000000  0.000000000   0.0     120  r02
    143  0.916666667  0.833333333  0.000000000   0.0     132  r02
    144  0.916666667  0.916666667  0.000000000   1.0       0  ---

k-points in the irreducible wedge
     78
      1  0.000000000  0.000000000  0.000000000   1.0       1
      2  0.000000000  0.083333333  0.000000000   2.0       2
      3  0.000000000  0.166666667  0.000000000   2.0       3
      4  0.000000000  0.250000000  0.000000000   2.0       4
      5  0.000000000  0.333333333  0.000000000   2.0       5
      6  0.000000000  0.416666667  0.000000000   2.0       6
      7  0.000000000  0.500000000  0.000000000   2.0       7
      8  0.000000000  0.583333333  0.000000000   2.0       8
      9  0.000000000  0.666666667  0.000000000   2.0       9
     10  0.000000000  0.750000000  0.000000000   2.0      10
     11  0.000000000  0.833333333  0.000000000   2.0      11
     12  0.000000000  0.916666667  0.000000000   2.0      12
     13  0.083333333  0.083333333  0.000000000   1.0      14
     14  0.083333333  0.166666667  0.000000000   2.0      15
     15  0.083333333  0.250000000  0.000000000   2.0      16
     16  0.083333333  0.333333333  0.000000000   2.0      17
     17  0.083333333  0.416666667  0.000000000   2.0      18
     18  0.083333333  0.500000000  0.000000000   2.0      19
     19  0.083333333  0.583333333  0.000000000   2.0      20
     20  0.083333333  0.666666667  0.000000000   2.0      21
     21  0.083333333  0.750000000  0.000000000   2.0      22
     22  0.083333333  0.833333333  0.000000000   2.0      23
     23  0.083333333  0.916666667  0.000000000   2.0      24
     24  0.166666667  0.166666667  0.000000000   1.0      27
     25  0.166666667  0.250000000  0.000000000   2.0      28
     26  0.166666667  0.333333333  0.000000000   2.0      29
     27  0.166666667  0.416666667  0.000000000   2.0      30
     28  0.166666667  0.500000000  0.000000000   2.0      31
     29  0.166666667  0.583333333  0.000000000   2.0      32
     30  0.166666667  0.666666667  0.000000000   2.0      33
     31  0.166666667  0.750000000  0.000000000   2.0      34
     32  0.166666667  0.833333333  0.000000000   2.0      35
     33  0.166666667  0.916666667  0.000000000   2.0      36
     34  0.250000000  0.250000000  0.000000000   1.0      40
     35  0.250000000  0.333333333  0.000000000   2.0      41
     36  0.250000000  0.416666667  0.000000000   2.0      42
     37  0.250000000  0.500000000  0.000000000   2.0      43
     38  0.250000000  0.583333333  0.000000000   2.0      44
     39  0.250000000  0.666666667  0.000000000   2.0      45
     40  0.250000000  0.750000000  0.000000000   2.0      46
     41  0.250000000  0.833333333  0.000000000   2.0      47
     42  0.250000000  0.916666667  0.000000000   2.0      48
     43  0.333333333  0.333333333  0.000000000   1.0      53
     44  0.333333333  0.416666667  0.000000000   2.0      54
     45  0.333333333  0.500000000  0.000000000   2.0      55
     46  0.333333333  0.583333333  0.000000000   2.0      56
     47  0.333333333  0.666666667  0.000000000   2.0      57
     48  0.333333333  0.750000000  0.000000000   2.0      58
     49  0.333333333  0.833333333  0.000000000   2.0      59
     50  0.333333333  0.916666667  0.000000000   2.0      60
     51  0.416666667  0.416666667  0.000000000   1.0      66
     52  0.416666667  0.500000000  0.000000000   2.0      67
     53  0.416666667  0.583333333  0.000000000   2.0      68
     54  0.416666667  0.666666667  0.000000000   2.0      69
     55  0.416666667  0.750000000  0.000000000   2.0      70
     56  0.416666667  0.833333333  0.000000000   2.0      71
     57  0.416666667  0.916666667  0.000000000   2.0      72
     58  0.500000000  0.500000000  0.000000000   1.0      79
     59  0.500000000  0.583333333  0.000000000   2.0      80
     60  0.500000000  0.666666667  0.000000000   2.0      81
     61  0.500000000  0.750000000  0.000000000   2.0      82
     62  0.500000000  0.833333333  0.000000000   2.0      83
     63  0.500000000  0.916666667  0.000000000   2.0      84
     64  0.583333333  0.583333333  0.000000000   1.0      92
     65  0.583333333  0.666666667  0.000000000   2.0      93
     66  0.583333333  0.750000000  0.000000000   2.0      94
     67  0.583333333  0.833333333  0.000000000   2.0      95
     68  0.583333333  0.916666667  0.000000000   2.0      96
     69  0.666666667  0.666666667  0.000000000   1.0     105
     70  0.666666667  0.750000000  0.000000000   2.0     106
     71  0.666666667  0.833333333  0.000000000   2.0     107
     72  0.666666667  0.916666667  0.000000000   2.0     108
     73  0.750000000  0.750000000  0.000000000   1.0     118
     74  0.750000000  0.833333333  0.000000000   2.0     119
     75  0.750000000  0.916666667  0.000000000   2.0     120
     76  0.833333333  0.833333333  0.000000000   1.0     131
     77  0.833333333  0.916666667  0.000000000   2.0     132
     78  0.916666667  0.916666667  0.000000000   1.0     144

